<?xml version="1.0" encoding="UTF-8"?>
<!-- Generated by org.testng.reporters.JUnitReportReporter -->
<testsuite hostname="AUTOMATION-LAB" failures="0" tests="1" name="scripts.BasicScript" time="12.432" errors="0" timestamp="2023-09-22T19:57:18 IST" skipped="0">
  <testcase classname="scripts.BasicScript" name="basicTestScript" time="12.432"/>
</testsuite> <!-- scripts.BasicScript -->
